"../../../TopDownShips/Content/Blueprints/IDamageble.uasset" 0
"../../../TopDownShips/Content/Blueprints/ShipAI.uasset" 1
"../../../TopDownShips/Content/ExampleContent/Effects/Materials/M_beam_ramp.uasset" 2
"../../../Engine/Content/Functions/Engine_MaterialFunctions01/Gradient/RadialGradient.uasset" 3
"../../../TopDownShips/Content/ExampleContent/Effects/Materials/M_radial_ramp.uasset" 4
"../../../TopDownShips/Content/ExampleContent/Effects/ParticleSystems/P_electricity_arc.uasset" 5
"../../../TopDownShips/Content/ExampleContent/Input_Examples/Materials/M_Pixel_Cube.uasset" 6
"../../../TopDownShips/Content/ExampleContent/Input_Examples/Materials/M_Pixel_Cube_Enemy_Inst.uasset" 7
"../../../TopDownShips/Content/ExampleContent/Input_Examples/Materials/M_Pixel_Cube_Enemy_2_Inst.uasset" 8
"../../../TopDownShips/Content/ExampleContent/Input_Examples/Meshes/SM_Pixel_Enemy_1.uasset" 9
"../../../TopDownShips/Content/Blueprints/MyEnemy.uasset" 10
"../../../Engine/Content/EditorBlueprintResources/StandardMacros.uasset" 11
"../../../Engine/Content/EngineSky/C_Sky_Cloud_Color.uasset" 12
"../../../Engine/Content/EngineSky/C_Sky_Horizon_Color.uasset" 13
"../../../Engine/Content/EngineSky/C_Sky_Zenith_Color.uasset" 14
"../../../Engine/Content/EngineSky/T_Sky_Blue.uasset" 15
"../../../Engine/Content/EngineSky/T_Sky_Clouds_M.uasset" 16
"../../../Engine/Content/EngineSky/T_Sky_Stars.uasset" 17
"../../../Engine/Content/EngineSky/SM_SkySphere.uasset" 18
"../../../Engine/Content/EngineSky/M_Sky_Panning_Clouds2.uasset" 19
"../../../Engine/Content/EngineSky/BP_Sky_Sphere.uasset" 20
"../../../Engine/Content/EngineFonts/RobotoDistanceField.uasset" 21
"../../../Engine/Content/Functions/Engine_MaterialFunctions03/Procedurals/ComputeFilterWidth.uasset" 22
"../../../Engine/Content/EngineMaterials/AntiAliasedTextMaterialTranslucent.uasset" 23
"../../../Engine/Content/Functions/Engine_MaterialFunctions01/Opacity/CameraDepthFade.uasset" 24
"../../../Engine/Content/EngineMaterials/T_Default_Material_Grid_M.uasset" 25
"../../../Engine/Content/EngineMaterials/T_Default_Material_Grid_N.uasset" 26
"../../../Engine/Content/EngineMaterials/WorldGridMaterial.uasset" 27
"../../../TopDownShips/Content/Geometry/Meshes/CubeMaterial.uasset" 28
"../../../TopDownShips/Content/Geometry/Meshes/1M_Cube.uasset" 29
"../../../TopDownShips/Content/Geometry/Meshes/1M_Cube_Chamfer.uasset" 30
"../../../TopDownShips/Content/TopDownCPP/Maps/TopDownExampleMap.umap" 31
"../../../Engine/Content/EngineMaterials/DefaultMaterial.uasset" 32
"../../../Engine/Content/EngineMaterials/DefaultDiffuse.uasset" 33
"../../../Engine/Content/EngineMaterials/DefaultNormal.uasset" 34
"../../../Engine/Content/Maps/Entry.umap" 35
"../../../TopDownShips/Content/StarterContent/Blueprints/Assets/FogBrightnessLUT.uasset" 36
"../../../TopDownShips/Content/StarterContent/Blueprints/Assets/SunlightColorLUT.uasset" 37
"../../../TopDownShips/Content/StarterContent/Blueprints/Assets/M_LightStage_Arrows.uasset" 38
"../../../Engine/Content/MapTemplates/Sky/DaylightAmbientCubemap.uasset" 39
"../../../TopDownShips/Content/StarterContent/Blueprints/Assets/M_LightStage_Skybox_Master.uasset" 40
"../../../TopDownShips/Content/StarterContent/Blueprints/Assets/M_LightStage_Skybox_Black.uasset" 41
"../../../TopDownShips/Content/StarterContent/Blueprints/Assets/M_LightStage_Skybox_HDRI.uasset" 42
"../../../Engine/Content/EditorMaterials/Thumbnails/SkySphereMaterial.uasset" 43
"../../../TopDownShips/Content/StarterContent/Blueprints/Assets/Skybox.uasset" 44
"../../../TopDownShips/Content/StarterContent/Blueprints/Assets/SM_Arrows.uasset" 45
"../../../TopDownShips/Content/StarterContent/HDRI/HDRI_Epic_Courtyard_Daylight.uasset" 46
"../../../TopDownShips/Content/StarterContent/Blueprints/BP_LightStudio.uasset" 47
"../../../TopDownShips/Content/StarterContent/Materials/M_AssetPlatform.uasset" 48
"../../../Engine/Content/EditorMeshes/ColorCalibrator/M_ChromeBall.uasset" 49
"../../../Engine/Content/EditorMeshes/ColorCalibrator/M_ClearCoat.uasset" 50
"../../../Engine/Content/EditorMeshes/ColorCalibrator/M_ClearCoatBlack.uasset" 51
"../../../Engine/Content/EditorMeshes/ColorCalibrator/T_ColorGrid.uasset" 52
"../../../Engine/Content/EditorMeshes/ColorCalibrator/M_ColorGrid.uasset" 53
"../../../Engine/Content/EditorMeshes/ColorCalibrator/M_GreyBall.uasset" 54
"../../../Engine/Content/EditorMeshes/ColorCalibrator/SM_ColorCalibrator.uasset" 55
"../../../TopDownShips/Content/StarterContent/Architecture/SM_AssetPlatform.uasset" 56
"../../../TopDownShips/Content/StarterContent/Maps/Advanced_Lighting.umap" 57
"../../../TopDownShips/Content/StarterContent/Textures/T_MacroVariation.uasset" 58
"../../../TopDownShips/Content/StarterContent/Materials/M_Metal_Brushed_Nickel.uasset" 59
"../../../TopDownShips/Content/StarterContent/Textures/T_Metal_Aluminum_D.uasset" 60
"../../../TopDownShips/Content/StarterContent/Textures/T_Metal_Gold_N.uasset" 61
"../../../TopDownShips/Content/StarterContent/Materials/M_Metal_Burnished_Steel.uasset" 62
"../../../TopDownShips/Content/StarterContent/Textures/T_Metal_Copper_D.uasset" 63
"../../../TopDownShips/Content/StarterContent/Materials/M_Metal_Copper.uasset" 64
"../../../TopDownShips/Content/StarterContent/Textures/T_Chair_M.uasset" 65
"../../../TopDownShips/Content/StarterContent/Textures/T_Chair_N.uasset" 66
"../../../TopDownShips/Content/StarterContent/Props/Materials/M_Chair.uasset" 67
"../../../TopDownShips/Content/StarterContent/Textures/T_Statue_M.uasset" 68
"../../../TopDownShips/Content/StarterContent/Textures/T_Statue_N.uasset" 69
"../../../TopDownShips/Content/StarterContent/Props/Materials/M_StatueGlass.uasset" 70
"../../../TopDownShips/Content/StarterContent/Materials/M_Basic_Floor.uasset" 71
"../../../TopDownShips/Content/StarterContent/Architecture/Floor_400x400.uasset" 72
"../../../TopDownShips/Content/StarterContent/Audio/Starter_Birds01.uasset" 73
"../../../TopDownShips/Content/StarterContent/Audio/Starter_Wind05.uasset" 74
"../../../TopDownShips/Content/StarterContent/Audio/Starter_Wind06.uasset" 75
"../../../TopDownShips/Content/StarterContent/Audio/Starter_Background_Cue.uasset" 76
"../../../TopDownShips/Content/StarterContent/Props/SM_Chair.uasset" 77
"../../../TopDownShips/Content/StarterContent/Props/Materials/M_Statue.uasset" 78
"../../../TopDownShips/Content/StarterContent/Props/SM_Statue.uasset" 79
"../../../TopDownShips/Content/StarterContent/Textures/T_TableRound_M.uasset" 80
"../../../TopDownShips/Content/StarterContent/Textures/T_TableRound_N.uasset" 81
"../../../TopDownShips/Content/StarterContent/Props/Materials/M_TableRound.uasset" 82
"../../../TopDownShips/Content/StarterContent/Props/SM_TableRound.uasset" 83
"../../../TopDownShips/Content/StarterContent/Maps/Minimal_Default.umap" 84
"../../../TopDownShips/Content/StarterContent/Audio/Fire01.uasset" 85
"../../../TopDownShips/Content/StarterContent/Audio/Fire01_Cue.uasset" 86
"../../../TopDownShips/Content/StarterContent/Textures/T_Fire_SubUV.uasset" 87
"../../../TopDownShips/Content/StarterContent/Textures/T_Fire_Tiled_D.uasset" 88
"../../../TopDownShips/Content/StarterContent/Particles/Materials/M_Fire_SubUV.uasset" 89
"../../../TopDownShips/Content/StarterContent/Textures/T_Water_N.uasset" 90
"../../../TopDownShips/Content/StarterContent/Particles/Materials/M_Heat_Distortion.uasset" 91
"../../../TopDownShips/Content/StarterContent/Particles/Materials/M_Radial_Gradient.uasset" 92
"../../../TopDownShips/Content/StarterContent/Textures/T_Smoke_SubUV.uasset" 93
"../../../TopDownShips/Content/StarterContent/Textures/T_Smoke_Tiled_D.uasset" 94
"../../../TopDownShips/Content/StarterContent/Particles/Materials/M_smoke_subUV.uasset" 95
"../../../TopDownShips/Content/StarterContent/Particles/P_Fire.uasset" 96
"../../../TopDownShips/Content/StarterContent/Blueprints/Blueprint_Effect_Fire.uasset" 97
"../../../TopDownShips/Content/StarterContent/Audio/Smoke01.uasset" 98
"../../../TopDownShips/Content/StarterContent/Audio/Smoke01_Cue.uasset" 99
"../../../TopDownShips/Content/StarterContent/Particles/P_Smoke.uasset" 100
"../../../TopDownShips/Content/StarterContent/Blueprints/Blueprint_Effect_Smoke.uasset" 101
"../../../TopDownShips/Content/StarterContent/Audio/Fire_Sparks01.uasset" 102
"../../../TopDownShips/Content/StarterContent/Audio/Fire_Sparks01_Cue.uasset" 103
"../../../TopDownShips/Content/StarterContent/Textures/T_Spark_Core.uasset" 104
"../../../TopDownShips/Content/StarterContent/Particles/Materials/M_Spark.uasset" 105
"../../../TopDownShips/Content/StarterContent/Particles/P_Sparks.uasset" 106
"../../../TopDownShips/Content/StarterContent/Blueprints/Blueprint_Effect_Sparks.uasset" 107
"../../../TopDownShips/Content/StarterContent/Audio/Steam01.uasset" 108
"../../../TopDownShips/Content/StarterContent/Audio/Steam01_Cue.uasset" 109
"../../../TopDownShips/Content/StarterContent/Particles/P_Steam_Lit.uasset" 110
"../../../TopDownShips/Content/StarterContent/Blueprints/Blueprint_Effect_Steam.uasset" 111
"../../../TopDownShips/Content/StarterContent/Textures/T_Lamp_M.uasset" 112
"../../../TopDownShips/Content/StarterContent/Textures/T_Lamp_N.uasset" 113
"../../../TopDownShips/Content/StarterContent/Props/Materials/M_Lamp.uasset" 114
"../../../TopDownShips/Content/StarterContent/Props/SM_Lamp_Ceiling.uasset" 115
"../../../TopDownShips/Content/StarterContent/Blueprints/Blueprint_CeilingLight.uasset" 116
"../../../TopDownShips/Content/StarterContent/Props/SM_Lamp_Wall.uasset" 117
"../../../TopDownShips/Content/StarterContent/Blueprints/Blueprint_WallSconce.uasset" 118
"../../../TopDownShips/Content/StarterContent/Textures/T_Brick_Clay_Beveled_D.uasset" 119
"../../../TopDownShips/Content/StarterContent/Textures/T_Brick_Clay_Beveled_M.uasset" 120
"../../../TopDownShips/Content/StarterContent/Textures/T_Brick_Clay_Beveled_N.uasset" 121
"../../../TopDownShips/Content/StarterContent/Materials/M_Brick_Clay_Beveled.uasset" 122
"../../../TopDownShips/Content/StarterContent/Textures/T_Brick_Clay_New_D.uasset" 123
"../../../TopDownShips/Content/StarterContent/Textures/T_Brick_Clay_New_M.uasset" 124
"../../../TopDownShips/Content/StarterContent/Textures/T_Brick_Clay_New_N.uasset" 125
"../../../TopDownShips/Content/StarterContent/Textures/T_Detail_Rocky_N.uasset" 126
"../../../TopDownShips/Content/StarterContent/Materials/M_Brick_Clay_New.uasset" 127
"../../../TopDownShips/Content/StarterContent/Textures/T_Brick_Clay_Old_D.uasset" 128
"../../../TopDownShips/Content/StarterContent/Textures/T_Brick_Clay_Old_N.uasset" 129
"../../../TopDownShips/Content/StarterContent/Textures/T_Perlin_Noise_M.uasset" 130
"../../../TopDownShips/Content/StarterContent/Materials/M_Brick_Clay_Old.uasset" 131
"../../../TopDownShips/Content/StarterContent/Textures/T_Brick_Cut_Stone_D.uasset" 132
"../../../TopDownShips/Content/StarterContent/Textures/T_Brick_Cut_Stone_N.uasset" 133
"../../../TopDownShips/Content/StarterContent/Materials/M_Brick_Cut_Stone.uasset" 134
"../../../TopDownShips/Content/StarterContent/Textures/T_Brick_Hewn_Stone_D.uasset" 135
"../../../TopDownShips/Content/StarterContent/Textures/T_Brick_Hewn_Stone_M.uasset" 136
"../../../TopDownShips/Content/StarterContent/Textures/T_Brick_Hewn_Stone_N.uasset" 137
"../../../TopDownShips/Content/StarterContent/Materials/M_Brick_Hewn_Stone.uasset" 138
"../../../TopDownShips/Content/StarterContent/Textures/T_Ceramic_Tile_M.uasset" 139
"../../../TopDownShips/Content/StarterContent/Textures/T_Ceramic_Tile_N.uasset" 140
"../../../TopDownShips/Content/StarterContent/Textures/T_Rock_Marble_Polished_D.uasset" 141
"../../../TopDownShips/Content/StarterContent/Materials/M_Ceramic_Tile_Checker.uasset" 142
"../../../TopDownShips/Content/StarterContent/Textures/T_CobbleStone_Pebble_D.uasset" 143
"../../../TopDownShips/Content/StarterContent/Textures/T_CobbleStone_Pebble_M.uasset" 144
"../../../TopDownShips/Content/StarterContent/Textures/T_CobbleStone_Pebble_N.uasset" 145
"../../../TopDownShips/Content/StarterContent/Materials/M_CobbleStone_Pebble.uasset" 146
"../../../TopDownShips/Content/StarterContent/Textures/T_CobbleStone_Rough_D.uasset" 147
"../../../TopDownShips/Content/StarterContent/Textures/T_CobbleStone_Rough_N.uasset" 148
"../../../TopDownShips/Content/StarterContent/Textures/T_Gradinet_01.uasset" 149
"../../../TopDownShips/Content/StarterContent/Textures/T_Rock_Smooth_Granite_D.uasset" 150
"../../../TopDownShips/Content/StarterContent/Materials/M_CobbleStone_Rough.uasset" 151
"../../../TopDownShips/Content/StarterContent/Textures/T_CobbleStone_Smooth_D.uasset" 152
"../../../TopDownShips/Content/StarterContent/Textures/T_CobbleStone_Smooth_M.uasset" 153
"../../../TopDownShips/Content/StarterContent/Textures/T_CobbleStone_Smooth_N.uasset" 154
"../../../TopDownShips/Content/StarterContent/Materials/M_CobbleStone_Smooth.uasset" 155
"../../../TopDownShips/Content/StarterContent/Textures/T_Concrete_Grime_D.uasset" 156
"../../../TopDownShips/Content/StarterContent/Textures/T_Metal_Rust_N.uasset" 157
"../../../TopDownShips/Content/StarterContent/Materials/M_Concrete_Grime.uasset" 158
"../../../TopDownShips/Content/StarterContent/Textures/T_Concrete_Panels_D.uasset" 159
"../../../TopDownShips/Content/StarterContent/Textures/T_Concrete_Panels_N.uasset" 160
"../../../TopDownShips/Content/StarterContent/Materials/M_Concrete_Panels.uasset" 161
"../../../TopDownShips/Content/StarterContent/Textures/T_Concrete_Poured_D.uasset" 162
"../../../TopDownShips/Content/StarterContent/Textures/T_Concrete_Poured_N.uasset" 163
"../../../TopDownShips/Content/StarterContent/Materials/M_Concrete_Poured.uasset" 164
"../../../TopDownShips/Content/StarterContent/Textures/T_Concrete_Tiles_D.uasset" 165
"../../../TopDownShips/Content/StarterContent/Textures/T_Concrete_Tiles_M.uasset" 166
"../../../TopDownShips/Content/StarterContent/Textures/T_Concrete_Tiles_N.uasset" 167
"../../../TopDownShips/Content/StarterContent/Textures/T_Concrete_Tiles_Variation_M.uasset" 168
"../../../TopDownShips/Content/StarterContent/Materials/M_Concrete_Tiles.uasset" 169
"../../../TopDownShips/Content/StarterContent/Textures/T_Ground_Grass_D.uasset" 170
"../../../TopDownShips/Content/StarterContent/Textures/T_Ground_Grass_N.uasset" 171
"../../../TopDownShips/Content/StarterContent/Materials/M_Ground_Grass.uasset" 172
"../../../TopDownShips/Content/StarterContent/Textures/T_Ground_Gravel_D.uasset" 173
"../../../TopDownShips/Content/StarterContent/Textures/T_Ground_Gravel_N.uasset" 174
"../../../TopDownShips/Content/StarterContent/Materials/M_Ground_Gravel.uasset" 175
"../../../TopDownShips/Content/StarterContent/Textures/T_ground_Moss_D.uasset" 176
"../../../TopDownShips/Content/StarterContent/Textures/T_Ground_Moss_N.uasset" 177
"../../../TopDownShips/Content/StarterContent/Materials/M_Ground_Moss.uasset" 178
"../../../TopDownShips/Content/StarterContent/Materials/M_Metal_Chrome.uasset" 179
"../../../TopDownShips/Content/StarterContent/Textures/T_Metal_Gold_D.uasset" 180
"../../../TopDownShips/Content/StarterContent/Materials/M_Metal_Gold.uasset" 181
"../../../Engine/Content/Functions/Engine_MaterialFunctions02/Utility/BlendAngleCorrectedNormals.uasset" 182
"../../../TopDownShips/Content/StarterContent/Textures/T_Metal_Rust_D.uasset" 183
"../../../TopDownShips/Content/StarterContent/Materials/M_Metal_Rust.uasset" 184
"../../../TopDownShips/Content/StarterContent/Textures/T_Metal_Steel_D.uasset" 185
"../../../TopDownShips/Content/StarterContent/Textures/T_Metal_Steel_N.uasset" 186
"../../../TopDownShips/Content/StarterContent/Materials/M_Metal_Steel.uasset" 187
"../../../TopDownShips/Content/StarterContent/Textures/T_Rock_Basalt_D.uasset" 188
"../../../TopDownShips/Content/StarterContent/Textures/T_Rock_Basalt_N.uasset" 189
"../../../TopDownShips/Content/StarterContent/Materials/M_Rock_Basalt.uasset" 190
"../../../TopDownShips/Content/StarterContent/Materials/M_Rock_Marble_Polished.uasset" 191
"../../../TopDownShips/Content/StarterContent/Textures/T_Rock_Sandstone_D.uasset" 192
"../../../TopDownShips/Content/StarterContent/Textures/T_Rock_Sandstone_N.uasset" 193
"../../../TopDownShips/Content/StarterContent/Materials/M_Rock_Sandstone.uasset" 194
"../../../TopDownShips/Content/StarterContent/Textures/T_Rock_Slate_D.uasset" 195
"../../../TopDownShips/Content/StarterContent/Textures/T_Rock_Slate_N.uasset" 196
"../../../TopDownShips/Content/StarterContent/Materials/M_Rock_Slate.uasset" 197
"../../../TopDownShips/Content/StarterContent/Textures/T_Checker_Noise_M.uasset" 198
"../../../TopDownShips/Content/StarterContent/Textures/T_Single_Tile_N.uasset" 199
"../../../TopDownShips/Content/StarterContent/Textures/T_Tech_Dot_M.uasset" 200
"../../../TopDownShips/Content/StarterContent/Textures/T_Tech_Dot_N.uasset" 201
"../../../TopDownShips/Content/StarterContent/Materials/M_Tech_Checker_Dot.uasset" 202
"../../../TopDownShips/Content/StarterContent/Textures/T_Tech_Hex_Tile_M.uasset" 203
"../../../TopDownShips/Content/StarterContent/Textures/T_Tech_Hex_Tile_N.uasset" 204
"../../../TopDownShips/Content/StarterContent/Materials/M_Tech_Hex_Tile.uasset" 205
"../../../TopDownShips/Content/StarterContent/Materials/M_Tech_Hex_Tile_Pulse.uasset" 206
"../../../TopDownShips/Content/StarterContent/Textures/T_Tech_Panel_M.uasset" 207
"../../../TopDownShips/Content/StarterContent/Textures/T_Tech_Panel_N.uasset" 208
"../../../TopDownShips/Content/StarterContent/Materials/M_Tech_Panel.uasset" 209
"../../../TopDownShips/Content/StarterContent/Materials/M_Water_Lake.uasset" 210
"../../../TopDownShips/Content/StarterContent/Textures/T_Water_M.uasset" 211
"../../../TopDownShips/Content/StarterContent/Materials/M_Water_Ocean.uasset" 212
"../../../TopDownShips/Content/StarterContent/Textures/T_Wood_Floor_Walnut_D.uasset" 213
"../../../TopDownShips/Content/StarterContent/Textures/T_Wood_Floor_Walnut_M.uasset" 214
"../../../TopDownShips/Content/StarterContent/Textures/T_Wood_Floor_Walnut_N.uasset" 215
"../../../TopDownShips/Content/StarterContent/Materials/M_Wood_Floor_Walnut_Polished.uasset" 216
"../../../Engine/Content/Functions/Engine_MaterialFunctions01/Opacity/AlphaOffset.uasset" 217
"../../../TopDownShips/Content/StarterContent/Materials/M_Wood_Floor_Walnut_Worn.uasset" 218
"../../../TopDownShips/Content/StarterContent/Textures/T_Wood_Oak_D.uasset" 219
"../../../TopDownShips/Content/StarterContent/Textures/T_Wood_Oak_N.uasset" 220
"../../../TopDownShips/Content/StarterContent/Materials/M_Wood_Oak.uasset" 221
"../../../TopDownShips/Content/StarterContent/Textures/T_Wood_Pine_D.uasset" 222
"../../../TopDownShips/Content/StarterContent/Textures/T_Wood_Pine_N.uasset" 223
"../../../TopDownShips/Content/StarterContent/Materials/M_Wood_Pine.uasset" 224
"../../../TopDownShips/Content/StarterContent/Textures/T_Wood_Walnut_D.uasset" 225
"../../../TopDownShips/Content/StarterContent/Textures/T_Wood_Walnut_N.uasset" 226
"../../../TopDownShips/Content/StarterContent/Materials/M_Wood_Walnut.uasset" 227
"../../../TopDownShips/Content/StarterContent/Materials/M_Basic_Wall.uasset" 228
"../../../TopDownShips/Content/StarterContent/Architecture/Wall_400x200.uasset" 229
"../../../TopDownShips/Content/StarterContent/Architecture/Wall_Door_400x300.uasset" 230
"../../../TopDownShips/Content/StarterContent/Architecture/Wall_Window_400x300.uasset" 231
"../../../TopDownShips/Content/StarterContent/Audio/Collapse01.uasset" 232
"../../../TopDownShips/Content/StarterContent/Audio/Collapse02.uasset" 233
"../../../TopDownShips/Content/StarterContent/Audio/Collapse_Cue.uasset" 234
"../../../TopDownShips/Content/StarterContent/Audio/Starter_Music01.uasset" 235
"../../../TopDownShips/Content/StarterContent/Audio/Starter_Music_Cue.uasset" 236
"../../../TopDownShips/Content/StarterContent/Textures/T_Dust_Particle_D.uasset" 237
"../../../TopDownShips/Content/StarterContent/Particles/Materials/M_Dust_Particle.uasset" 238
"../../../TopDownShips/Content/StarterContent/Particles/P_Ambient_Dust.uasset" 239
"../../../TopDownShips/Content/StarterContent/Props/MaterialSphere.uasset" 240
"../../../TopDownShips/Content/StarterContent/Textures/T_Frame_M.uasset" 241
"../../../TopDownShips/Content/StarterContent/Textures/T_Frame_N.uasset" 242
"../../../TopDownShips/Content/StarterContent/Props/Materials/M_Frame.uasset" 243
"../../../TopDownShips/Content/StarterContent/Props/SM_CornerFrame.uasset" 244
"../../../TopDownShips/Content/StarterContent/Props/SM_DoorFrame.uasset" 245
"../../../TopDownShips/Content/StarterContent/Materials/M_Glass.uasset" 246
"../../../TopDownShips/Content/StarterContent/Props/SM_GlassWindow.uasset" 247
"../../../TopDownShips/Content/StarterContent/Props/SM_PillarFrame.uasset" 248
"../../../TopDownShips/Content/StarterContent/Props/SM_PillarFrame300.uasset" 249
"../../../TopDownShips/Content/StarterContent/Props/SM_WindowFrame.uasset" 250
"../../../TopDownShips/Content/StarterContent/Shapes/Shape_Cube.uasset" 251
"../../../TopDownShips/Content/StarterContent/Shapes/Shape_QuadPyramid.uasset" 252
"../../../TopDownShips/Content/StarterContent/Shapes/Shape_Sphere.uasset" 253
"../../../TopDownShips/Content/StarterContent/Maps/StarterMap.umap" 254
"../../../Engine/Content/EngineFonts/Roboto.uasset" 255
"../../../Engine/Content/Functions/Engine_MaterialFunctions01/Shading/PowerToRoughness.uasset" 256
"../../../Engine/Content/Functions/Engine_MaterialFunctions01/Shading/ConvertFromDiffSpec.uasset" 257
"../../../Engine/Content/EngineMaterials/DefaultDeferredDecalMaterial.uasset" 258
"../../../Engine/Content/EngineMaterials/DefaultLightFunctionMaterial.uasset" 259
"../../../Engine/Content/Functions/Engine_MaterialFunctions02/Utility/BreakOutFloat2Components.uasset" 260
"../../../Engine/Content/EngineMaterials/DefaultPostProcessMaterial.uasset" 261
"../../../Engine/Content/EngineResources/DefaultTexture.uasset" 262
"../../../Engine/Content/Functions/Engine_MaterialFunctions02/Texturing/ScreenAlignedUVs.uasset" 263
"../../../Engine/Content/EngineResources/WhiteSquareTexture.uasset" 264
"../../../Engine/Content/EngineMaterials/Widget3DPassThrough.uasset" 265
"../../../Engine/Content/EngineMaterials/Widget3DPassThrough_Translucent.uasset" 266
"../../../Engine/Content/EngineMaterials/Widget3DPassThrough_Translucent_OneSided.uasset" 267
"../../../Engine/Content/EngineMaterials/Widget3DPassThrough_Opaque.uasset" 268
"../../../Engine/Content/EngineMaterials/Widget3DPassThrough_Opaque_OneSided.uasset" 269
"../../../Engine/Content/EngineMaterials/Widget3DPassThrough_Masked.uasset" 270
"../../../Engine/Content/EngineMaterials/Widget3DPassThrough_Masked_OneSided.uasset" 271
"../../../Engine/Content/EditorResources/S_Actor.uasset" 272
"../../../Engine/Content/Maps/Templates/Thumbnails/Default.uasset" 273
"../../../Engine/Content/EditorMaterials/ParticleSystems/PSysThumbnail_NoImage.uasset" 274
"../../../Engine/Content/EditorMaterials/ParticleSystems/PSysThumbnail_OOD.uasset" 275
"../../../Engine/Content/EditorLandscapeResources/DataLayer.uasset" 276
"../../../Engine/Content/EngineDamageTypes/DmgTypeBP_Environmental.uasset" 277
"../../../Engine/Content/EngineMeshes/Sphere.uasset" 278
"../../../Engine/Content/EngineMaterials/DefaultTextMaterialOpaque.uasset" 279
"../../../Engine/Content/EditorResources/S_Trigger.uasset" 280
"../../../Engine/Content/EngineResources/GradientTexture0.uasset" 281
"../../../Engine/Content/EngineResources/Black.uasset" 282
"../../../Engine/Content/EditorMaterials/MatineeGroups/MAT_Groups_Float.uasset" 283
"../../../Engine/Content/EditorMaterials/MatineeGroups/MAT_Groups_Director.uasset" 284
"../../../Engine/Content/EditorMaterials/MatineeGroups/MAT_Groups_Event.uasset" 285
"../../../Engine/Content/EditorMaterials/MatineeGroups/MAT_Groups_Anim.uasset" 286
"../../../Engine/Content/EditorMaterials/MatineeGroups/MAT_Groups_Fade.uasset" 287
"../../../Engine/Content/EditorMaterials/MatineeGroups/MAT_Groups_Move.uasset" 288
"../../../Engine/Content/EditorMaterials/MatineeGroups/MAT_Groups_Slomo.uasset" 289
"../../../Engine/Content/EditorMaterials/MatineeGroups/MAT_ColorTrack.uasset" 290
"../../../Engine/Content/EditorMaterials/MAT_Groups_Toggle.uasset" 291
"../../../Engine/Content/EditorMaterials/MatineeGroups/MAT_Groups_AudioMaster.uasset" 292
"../../../Engine/Content/EditorMaterials/MatineeGroups/MAT_Groups_Sound.uasset" 293
"../../../Engine/Content/EditorMaterials/MatineeGroups/MAT_Groups_Vector.uasset" 294
"../../../Engine/Content/EditorMaterials/MAT_Groups_Visibility.uasset" 295
"../../../Engine/Content/EngineResources/DefaultTextureCube.uasset" 296
"../../../Engine/Content/EngineMeshes/Cylinder.uasset" 297
"../../../Engine/Content/EngineTireTypes/DefaultTireType.uasset" 298
"../../../Engine/Content/EngineResources/AICON-Red.uasset" 299
"../../../Engine/Content/EngineResources/AICON-Green.uasset" 300
"../../../Engine/Content/Tutorial/Basics/LevelEditorAttract.uasset" 301
"../../../Engine/Content/Tutorial/ContentIntroCurve.uasset" 302
"../../../Engine/Plugins/2D/Paper2D/Content/PlaceholderTextures/DummySpriteTexture.uasset" 303
"../../../Engine/Plugins/2D/Paper2D/Content/DefaultSpriteMaterial.uasset" 304
"../../../Engine/Plugins/2D/Paper2D/Content/MaskedUnlitSpriteMaterial.uasset" 305
"../../../Engine/Plugins/2D/Paper2D/Content/OpaqueUnlitSpriteMaterial.uasset" 306
"../../../Engine/Plugins/2D/Paper2D/Content/DummySpriteTexture.uasset" 307
"../../../Engine/Plugins/2D/Paper2D/Content/DummySprite.uasset" 308
"../../../Engine/Plugins/2D/Paper2D/Content/DefaultPaperTerrainMaterial.uasset" 309
"../../../Engine/Plugins/Runtime/LeapMotionController/Content/LM_CapsuleMesh.uasset" 310
"../../../Engine/Plugins/Runtime/LeapMotionController/Content/LM_TorusMesh.uasset" 311
"../../../Engine/Plugins/Runtime/LeapMotionController/Content/LM_HandColor.uasset" 312
"../../../Engine/Plugins/Runtime/LeapMotionController/Content/LM_SampleDistortion.uasset" 313
"../../../Engine/Plugins/Runtime/LeapMotionController/Content/LM_TestTexture.uasset" 314
"../../../Engine/Plugins/Runtime/LeapMotionController/Content/LM_PassthroughMaterial.uasset" 315
"../../../Engine/Content/BasicShapes/Cube.uasset" 316
"../../../Engine/Content/EngineMaterials/RemoveSurfaceMaterial.uasset" 317
"../../../Engine/Content/EngineDebugMaterials/DebugMeshMaterial.uasset" 318
"../../../Engine/Content/EngineMaterials/InvalidLightmapSettings.uasset" 319
"../../../Engine/Content/EngineMaterials/M_InvalidLightmapSettings.uasset" 320
"../../../Engine/Content/EditorMaterials/GizmoMaterial.uasset" 321
"../../../Engine/Content/EngineMaterials/Good64x64TilingNoiseHighFreq.uasset" 322
"../../../Engine/Content/EngineMaterials/DefaultBokeh.uasset" 323
"../../../Engine/Content/EngineMaterials/PreintegratedSkinBRDF.uasset" 324
"../../../Engine/Content/EngineMaterials/MiniFont.uasset" 325
"../../../Engine/Content/EngineMaterials/WeightMapPlaceholderTexture.uasset" 326
"../../../Engine/Content/EngineMaterials/DefaultWhiteGrid.uasset" 327
"../../../Engine/Content/EngineMaterials/DefaultPhysicalMaterial.uasset" 328
"../../../Engine/Content/EngineFonts/RobotoTiny.uasset" 329
"../../../TopDownShips/Content/StarterContent/Shapes/Shape_NarrowCapsule.uasset" 330
"../../../TopDownShips/Content/StarterContent/Shapes/Shape_Pipe.uasset" 331
"../../../TopDownShips/Content/StarterContent/Shapes/Shape_Pipe_180.uasset" 332
"../../../TopDownShips/Content/StarterContent/Shapes/Shape_Pipe_90.uasset" 333
"../../../Engine/Content/MobileResources/HUD/MobileHUDButton2_off.uasset" 334
"../../../TopDownShips/Content/StarterContent/Audio/Explosion01.uasset" 335
"../../../TopDownShips/Content/StarterContent/Audio/Explosion02.uasset" 336
"../../../TopDownShips/Content/StarterContent/Audio/Explosion_Cue.uasset" 337
"../../../TopDownShips/Content/StarterContent/Textures/T_Burst_M.uasset" 338
"../../../TopDownShips/Content/StarterContent/Particles/Materials/M_Burst.uasset" 339
"../../../TopDownShips/Content/StarterContent/Textures/T_Explosion_SubUV.uasset" 340
"../../../TopDownShips/Content/StarterContent/Particles/Materials/M_explosion_subUV.uasset" 341
"../../../TopDownShips/Content/StarterContent/Particles/Materials/m_flare_01.uasset" 342
"../../../TopDownShips/Content/StarterContent/Particles/Materials/M_radial_ramp.uasset" 343
"../../../TopDownShips/Content/StarterContent/Particles/P_Explosion.uasset" 344
"../../../TopDownShips/Content/StarterContent/Blueprints/Blueprint_Effect_Explosion.uasset" 345
"../../../Engine/Content/MobileResources/HUD/AnalogHat.uasset" 346
"../../../TopDownShips/Content/Geometry/Meshes/TemplateFloor.uasset" 347
"../../../Engine/Content/Functions/MaterialLayerFunctions/MatLayerBlend_NormalBlend.uasset" 348
"../../../Engine/Content/Functions/MaterialLayerFunctions/MatLayerBlend_Simple.uasset" 349
"../../../TopDownShips/Content/Mannequin/Character/Materials/MaterialLayers/T_ML_Rubber_Blue_01_D.uasset" 350
"../../../TopDownShips/Content/Mannequin/Character/Materials/MaterialLayers/T_ML_Rubber_Blue_01_N.uasset" 351
"../../../TopDownShips/Content/Mannequin/Character/Materials/MaterialLayers/ML_GlossyBlack_Latex_UE4.uasset" 352
"../../../TopDownShips/Content/Mannequin/Character/Materials/MaterialLayers/ML_Plastic_Shiny_Beige.uasset" 353
"../../../TopDownShips/Content/Mannequin/Character/Textures/UE4_LOGO_CARD.uasset" 354
"../../../TopDownShips/Content/Mannequin/Character/Materials/MaterialLayers/ML_Plastic_Shiny_Beige_LOGO.uasset" 355
"../../../TopDownShips/Content/Mannequin/Character/Materials/MaterialLayers/T_ML_Aluminum01.uasset" 356
"../../../TopDownShips/Content/Mannequin/Character/Materials/MaterialLayers/T_ML_Aluminum01_N.uasset" 357
"../../../TopDownShips/Content/Mannequin/Character/Materials/MaterialLayers/ML_SoftMetal_UE4.uasset" 358
"../../../TopDownShips/Content/Mannequin/Character/Textures/UE4_Mannequin__normals.uasset" 359
"../../../TopDownShips/Content/Mannequin/Character/Textures/UE4_Mannequin_MAT_MASKA.uasset" 360
"../../../TopDownShips/Content/Mannequin/Character/Materials/M_UE4Man_Body.uasset" 361
"../../../TopDownShips/Content/Mannequin/Character/Textures/UE4Man_Logo_N.uasset" 362
"../../../TopDownShips/Content/Mannequin/Character/Materials/M_UE4Man_ChestLogo.uasset" 363
"../../../TopDownShips/Content/Mannequin/Character/Mesh/SK_Mannequin_PhysicsAsset.uasset" 364
"../../../TopDownShips/Content/Mannequin/Character/Mesh/SK_Mannequin.uasset" 365
"../../../TopDownShips/Content/Mannequin/Character/Mesh/UE4_Mannequin_Skeleton.uasset" 366
"../../../TopDownShips/Content/Mannequin/Animations/ThirdPersonJump_End.uasset" 367
"../../../TopDownShips/Content/StarterContent/Architecture/Wall_Door_400x400.uasset" 368
"../../../TopDownShips/Content/StarterContent/Architecture/Wall_Window_400x400.uasset" 369
"../../../TopDownShips/Content/StarterContent/Audio/Light01.uasset" 370
"../../../TopDownShips/Content/StarterContent/Audio/Light01_Cue.uasset" 371
"../../../TopDownShips/Content/StarterContent/Audio/Light02.uasset" 372
"../../../TopDownShips/Content/StarterContent/Audio/Light02_Cue.uasset" 373
"../../../Engine/Content/MobileResources/HUD/MobileHUDButton1_on.uasset" 374
"../../../Engine/Content/MobileResources/HUD/T_Castle_ThumbstickOutter.uasset" 375
"../../../Engine/Content/MobileResources/HUD/MobileHUDDirectionPad3.uasset" 376
"../../../Engine/Content/MobileResources/HUD/MobileHUDButton2_on.uasset" 377
"../../../TopDownShips/Content/StarterContent/Shapes/Shape_Torus.uasset" 378
"../../../TopDownShips/Content/StarterContent/Shapes/Shape_Plane.uasset" 379
"../../../Engine/Content/MobileResources/HUD/MobileHUDDirectionStick.uasset" 380
"../../../Engine/Content/MobileResources/HUD/MobileHUDButton3.uasset" 381
"../../../Engine/Content/MobileResources/HUD/VirtualJoystick_Background.uasset" 382
"../../../Engine/Content/MobileResources/HUD/VirtualJoystick_Thumb.uasset" 383
"../../../Engine/Content/MobileResources/HUD/LeftVirtualJoystickOnly.uasset" 384
"../../../Engine/Content/MobileResources/HUD/DefaultVirtualJoysticks.uasset" 385
"../../../Engine/Content/MobileResources/T_MobileMenu2.uasset" 386
"../../../TopDownShips/Content/ExampleContent/Effects/Textures/T_Sunflare.uasset" 387
"../../../TopDownShips/Content/ExampleContent/Effects/Materials/m_flare_03.uasset" 388
"../../../TopDownShips/Content/ExampleContent/Input_Examples/Materials/M_Pixel_Cube_Particle.uasset" 389
"../../../Engine/Content/EngineMaterials/EmissiveTexturedMaterial.uasset" 390
"../../../Engine/Content/EngineMeshes/ParticleCube.uasset" 391
"../../../TopDownShips/Content/ExampleContent/Input_Examples/Effects/P_Pixel_Explosion.uasset" 392
"../../../TopDownShips/Content/ExampleContent/Input_Examples/Meshes/SM_Pixel_Cube.uasset" 393
"../../../TopDownShips/Content/ExampleContent/Input_Examples/Blueprints/BP_Pixel_Projectile.uasset" 394
"../../../TopDownShips/Content/ExampleContent/Input_Examples/Effects/P_Pixel_Explosion_Enemy.uasset" 395
"../../../TopDownShips/Content/ExampleContent/Input_Examples/Blueprints/BP_Pixel_Ship_Enemy.uasset" 396
"../../../TopDownShips/Content/StarterContent/Shapes/Shape_Wedge_A.uasset" 397
"../../../TopDownShips/Content/StarterContent/Shapes/Shape_Tube.uasset" 398
"../../../TopDownShips/Content/StarterContent/Shapes/Shape_TriPyramid.uasset" 399
"../../../TopDownShips/Content/StarterContent/Shapes/Shape_Trim_90_Out.uasset" 400
"../../../TopDownShips/Content/StarterContent/Shapes/Shape_Trim_90_In.uasset" 401
"../../../TopDownShips/Content/StarterContent/Shapes/Shape_Trim.uasset" 402
"../../../TopDownShips/Content/ExampleContent/Input_Examples/Materials/M_Radial_Gradient.uasset" 403
"../../../TopDownShips/Content/ExampleContent/Input_Examples/Effects/P_Pixel_Engine.uasset" 404
"../../../TopDownShips/Content/ExampleContent/Input_Examples/Effects/P_Pixel_Explosion_Player.uasset" 405
"../../../TopDownShips/Content/ExampleContent/Input_Examples/Materials/M_Pixel_Cube_Blue_Inst.uasset" 406
"../../../TopDownShips/Content/ExampleContent/Input_Examples/Meshes/SM_Pixel_Player.uasset" 407
"../../../TopDownShips/Content/ExampleContent/Input_Examples/Blueprints/BP_Pixel_Ship_Player.uasset" 408
"../../../Engine/Content/MobileResources/HUD/MobileHUDDirectionPad2.uasset" 409
"../../../Engine/Content/MobileResources/HUD/MobileHUDDirectionPad.uasset" 410
"../../../Engine/Content/MobileResources/HUD/MobileHUDButton1_off.uasset" 411
"../../../TopDownShips/Content/TopDownCPP/TopDownOverview.uasset" 412
"../../../Engine/Content/MobileResources/T_MobileControls_texture.uasset" 413
"../../../Engine/Content/EditorResources/EmptyActor.uasset" 414
"../../../Engine/Content/EditorResources/AudioIcons/S_AudioComponent_AutoActivate.uasset" 415
"../../../Engine/Content/EditorResources/AudioIcons/S_AudioComponent.uasset" 416
"../../../Engine/Content/EditorResources/LightIcons/S_LightError.uasset" 417
"../../../TopDownShips/Content/Mannequin/Animations/ThirdPerson_Jump.uasset" 418
"../../../TopDownShips/Content/Mannequin/Animations/ThirdPersonJump_Loop.uasset" 419
"../../../TopDownShips/Content/Mannequin/Animations/ThirdPersonJump_Start.uasset" 420
"../../../TopDownShips/Content/Mannequin/Animations/ThirdPersonIdle.uasset" 421
"../../../TopDownShips/Content/Mannequin/Animations/ThirdPersonRun.uasset" 422
"../../../TopDownShips/Content/Mannequin/Animations/ThirdPersonWalk.uasset" 423
"../../../TopDownShips/Content/Mannequin/Animations/ThirdPerson_IdleRun_2D.uasset" 424
"../../../TopDownShips/Content/Mannequin/Animations/ThirdPerson_AnimBP.uasset" 425
"../../../TopDownShips/Content/TopDownCPP/Blueprints/TopDownCharacter.uasset" 426
"../../../TopDownShips/Content/StarterContent/Shapes/Shape_Wedge_B.uasset" 427
"../../../TopDownShips/Content/StarterContent/Shapes/Shape_WideCapsule.uasset" 428
"../../../Engine/Content/EditorMaterials/PhAT_JointLimitMaterial.uasset" 429
"../../../Engine/Content/EditorMaterials/PreviewShadowIndicator.uasset" 430
"../../../Engine/Content/EditorMaterials/PreviewShadowIndicatorMaterial.uasset" 431
"../../../Engine/Content/EditorResources/BSPVertex.uasset" 432
"../../../Engine/Content/EngineDebugMaterials/HeatmapGradient.uasset" 433
"../../../Engine/Content/EngineDebugMaterials/BoneWeightMaterial.uasset" 434
"../../../Engine/Content/EngineDebugMaterials/GeomMaterial.uasset" 435
"../../../Engine/Content/EngineMaterials/EditorBrushMaterial.uasset" 436
"../../../Engine/Content/MobileResources/HUD/MobileHUDButtonFire.uasset" 437
"../../../Engine/Content/MobileResources/HUD/T_Castle_ThumbstickInner.uasset" 438
"../../../Engine/Content/Tutorial/Basics/TutorialAssets/icon_tab_Levels_40x.uasset" 439
"../../../Engine/Content/Tutorial/Basics/LevelEditorOverview.uasset" 440
"../../../Engine/Content/Tutorial/BlueprintTutorials/TutorialAssets/Blueprint_64x.uasset" 441
"../../../Engine/Content/Tutorial/BlueprintTutorials/BlueprintEditorTutorial.uasset" 442
"../../../Engine/Content/Tutorial/BlueprintTutorials/TutorialAssets/BlueprintInterface_64x.uasset" 443
"../../../Engine/Content/Tutorial/BlueprintTutorials/TutorialAssets/Tutorial_BP_Interface.uasset" 444
"../../../Engine/Content/Tutorial/BlueprintTutorials/BlueprintInterfacesEditorOverview.uasset" 445
"../../../Engine/Content/Tutorial/BlueprintTutorials/TutorialAssets/BlueprintMacroLibrary_64x.uasset" 446
"../../../Engine/Content/Tutorial/BlueprintTutorials/TutorialAssets/Tutorial_BP_MacroLib.uasset" 447
"../../../Engine/Content/Tutorial/BlueprintTutorials/BlueprintMacroLibrariesEditorOverview.uasset" 448
"../../../Engine/Content/Tutorial/BlueprintTutorials/LevelBlueprintEditorOverview.uasset" 449
"../../../Engine/Content/Tutorial/Foliage/TutorialAssets/Foliage.uasset" 450
"../../../Engine/Content/Tutorial/Foliage/Foliage_Settings_Tutorial.uasset" 451
"../../../Engine/Content/Tutorial/Foliage/Foliage_Using_The_Tool_Tutorial.uasset" 452
"../../../Engine/Content/Tutorial/Foliage/Foliage_Intro_Tutorial.uasset" 453
"../../../Engine/Content/Tutorial/Landscape/TutorialAssets/Landscape.uasset" 454
"../../../Engine/Content/Tutorial/Landscape/Landscape_Painting_Mode.uasset" 455
"../../../Engine/Content/Tutorial/Landscape/Landscape_Sculpt_Mode.uasset" 456
"../../../Engine/Content/Tutorial/Landscape/Landscape_Manage_Mode.uasset" 457
"../../../Engine/Content/Tutorial/Paper2D/TutorialAssets/Paper2DFlipbook_TutorialIcon.uasset" 458
"../../../Engine/Content/Tutorial/Paper2D/FlipbookEditorTutorial.uasset" 459
"../../../Engine/Content/Tutorial/Paper2D/TutorialAssets/Paper2DSprite_TutorialIcon.uasset" 460
"../../../Engine/Content/Tutorial/Paper2D/SpriteEditorTutorial.uasset" 461
"../../../Engine/Content/EditorMeshes/EditorCube.uasset" 462
"../../../Engine/Content/Tutorial/SubEditors/TutorialAssets/Tutorial_DM.uasset" 463
"../../../Engine/Content/Tutorial/SubEditors/DestructibleMeshEditorTutorial.uasset" 464
"../../../Engine/Content/Tutorial/SubEditors/TutorialAssets/TutorialMaterial.uasset" 465
"../../../Engine/Content/Tutorial/SubEditors/MaterialEditorTutorial.uasset" 466
"../../../Engine/Content/Tutorial/SubEditors/TutorialAssets/T_SmokeSubUV_8X8.uasset" 467
"../../../Engine/Content/Tutorial/SubEditors/TutorialAssets/T_soft_smoke.uasset" 468
"../../../Engine/Content/Tutorial/SubEditors/TutorialAssets/M_smoke_subUV_blackbody.uasset" 469
"../../../Engine/Content/Tutorial/SubEditors/TutorialAssets/TutorialParticleSystem.uasset" 470
"../../../Engine/Content/Tutorial/SubEditors/ParticleSystemEditorTutorial.uasset" 471
"../../../Engine/Content/Tutorial/SubEditors/TutorialAssets/icon_ShowSkeletalMeshes_40x.uasset" 472
"../../../Engine/Content/Tutorial/SubEditors/TutorialAssets/Character/TutorialTPP_Mat.uasset" 473
"../../../Engine/Content/Tutorial/SubEditors/TutorialAssets/Character/TutorialTPP_PhysicsAsset.uasset" 474
"../../../Engine/Content/Tutorial/SubEditors/TutorialAssets/Character/TutorialTPP.uasset" 475
"../../../Engine/Content/Tutorial/SubEditors/TutorialAssets/Character/TutorialTPP_Skeleton.uasset" 476
"../../../Engine/Content/Tutorial/SubEditors/TutorialAssets/Character/Tutorial_Idle.uasset" 477
"../../../Engine/Content/Tutorial/SubEditors/TutorialAssets/Character/Tutorial_Walk_Fwd.uasset" 478
"../../../Engine/Content/Tutorial/SubEditors/TutorialAssets/Character/NewBlendSpace1D.uasset" 479
"../../../Engine/Content/Tutorial/SubEditors/TutorialAssets/Character/TutorialCharacter.uasset" 480
"../../../Engine/Content/Tutorial/SubEditors/TutorialAssets/Character/TutorialTPP_AnimBlueprint.uasset" 481
"../../../Engine/Content/Tutorial/SubEditors/PersonaAnimBlueprintEditorWalkthrough.uasset" 482
"../../../Engine/Content/Tutorial/SubEditors/PersonaAnimEditorWalkthrough.uasset" 483
"../../../Engine/Content/EngineMeshes/Cube.uasset" 484
"../../../Engine/Content/Tutorial/SubEditors/StaticMeshEditorTutorial.uasset" 485
"../../../Engine/Content/Tutorial/SubEditors/TutorialAssets/icon_Editor_Preferences_General_40x.uasset" 486
"../../../TopDownShips/Content/StarterContent/Architecture/Pillar_50x500.uasset" 487
"../../../TopDownShips/Content/StarterContent/Architecture/Wall_400x300.uasset" 488
"../../../TopDownShips/Content/StarterContent/Architecture/Wall_400x400.uasset" 489
"../../../TopDownShips/Content/StarterContent/Architecture/Wall_500x500.uasset" 490
"../../../TopDownShips/Content/StarterContent/Materials/M_ColorGrid_LowSpec.uasset" 491
"../../../TopDownShips/Content/StarterContent/Textures/T_Bush_D.uasset" 492
"../../../TopDownShips/Content/StarterContent/Textures/T_Bush_N.uasset" 493
"../../../TopDownShips/Content/StarterContent/Props/Materials/M_Bush.uasset" 494
"../../../TopDownShips/Content/StarterContent/Props/SM_Bush.uasset" 495
"../../../TopDownShips/Content/StarterContent/Props/SM_Couch.uasset" 496
"../../../TopDownShips/Content/StarterContent/Textures/T_Door_M.uasset" 497
"../../../TopDownShips/Content/StarterContent/Textures/T_Door_N.uasset" 498
"../../../TopDownShips/Content/StarterContent/Props/Materials/M_Door.uasset" 499
"../../../TopDownShips/Content/StarterContent/Props/SM_Door.uasset" 500
"../../../TopDownShips/Content/StarterContent/Props/Materials/M_MaterialSphere.uasset" 501
"../../../TopDownShips/Content/StarterContent/Props/Materials/M_MaterialSphere_Plain.uasset" 502
"../../../TopDownShips/Content/StarterContent/Props/SM_MatPreviewMesh_02.uasset" 503
"../../../TopDownShips/Content/StarterContent/Textures/T_RockMesh_M.uasset" 504
"../../../TopDownShips/Content/StarterContent/Textures/T_RockMesh_N.uasset" 505
"../../../TopDownShips/Content/StarterContent/Props/Materials/M_Rock.uasset" 506
"../../../TopDownShips/Content/StarterContent/Props/SM_Rock.uasset" 507
"../../../TopDownShips/Content/StarterContent/Textures/T_Shelf_M.uasset" 508
"../../../TopDownShips/Content/StarterContent/Textures/T_Shelf_N.uasset" 509
"../../../TopDownShips/Content/StarterContent/Props/Materials/M_Shelf.uasset" 510
"../../../TopDownShips/Content/StarterContent/Props/SM_Shelf.uasset" 511
"../../../TopDownShips/Content/StarterContent/Props/SM_Stairs.uasset" 512
"../../../TopDownShips/Content/StarterContent/Shapes/Shape_Cone.uasset" 513
"../../../TopDownShips/Content/StarterContent/Shapes/Shape_Cylinder.uasset" 514
